{
  "Cucumber Features": {
    "coverage": {
      "/Users/harpreetmultani/Desktop/Engineering SaaS/hour-glass/app/models/user.rb": {
        "lines": [
          1,
          1,
          null
        ]
      },
      "/Users/harpreetmultani/Desktop/Engineering SaaS/hour-glass/app/models/course.rb": {
        "lines": [
          1,
          null
        ]
      },
      "/Users/harpreetmultani/Desktop/Engineering SaaS/hour-glass/app/models/entitlement.rb": {
        "lines": [
          1,
          null,
          null,
          null,
          1,
          2,
          0,
          0,
          2,
          0,
          0,
          0,
          null,
          2,
          2,
          null,
          null,
          null
        ]
      },
      "/Users/harpreetmultani/Desktop/Engineering SaaS/hour-glass/app/controllers/sessions_controller.rb": {
        "lines": [
          1,
          null,
          1,
          null,
          1,
          15,
          null,
          null,
          1,
          10,
          10,
          9,
          9,
          null,
          1,
          1,
          null,
          null,
          null,
          1,
          2,
          2,
          null,
          null,
          1,
          1,
          20,
          null,
          null
        ]
      },
      "/Users/harpreetmultani/Desktop/Engineering SaaS/hour-glass/app/controllers/application_controller.rb": {
        "lines": [
          1,
          null,
          null,
          1,
          1,
          1,
          null,
          1,
          25,
          null,
          null,
          1,
          42,
          null,
          null
        ]
      },
      "/Users/harpreetmultani/Desktop/Engineering SaaS/hour-glass/app/helpers/application_helper.rb": {
        "lines": [
          1,
          null
        ]
      },
      "/Users/harpreetmultani/Desktop/Engineering SaaS/hour-glass/app/helpers/sessions_helper.rb": {
        "lines": [
          1,
          null
        ]
      },
      "/Users/harpreetmultani/Desktop/Engineering SaaS/hour-glass/app/helpers/users_helper.rb": {
        "lines": [
          1,
          null
        ]
      },
      "/Users/harpreetmultani/Desktop/Engineering SaaS/hour-glass/app/controllers/users_controller.rb": {
        "lines": [
          1,
          null,
          1,
          null,
          1,
          null,
          1,
          13,
          13,
          13,
          11,
          null,
          null,
          null,
          1,
          2,
          2,
          1,
          1,
          null,
          1,
          1,
          1,
          null,
          null,
          null,
          1,
          1,
          3,
          null,
          null
        ]
      },
      "/Users/harpreetmultani/Desktop/Engineering SaaS/hour-glass/app/controllers/professors_controller.rb": {
        "lines": [
          1,
          null,
          1,
          5,
          5,
          5,
          6,
          6,
          null,
          null,
          null,
          null,
          1,
          2,
          2,
          2,
          null,
          2,
          1,
          1,
          3,
          1,
          1,
          null,
          1,
          null,
          2,
          null,
          null,
          1,
          1,
          6,
          null,
          null,
          null
        ]
      },
      "/Users/harpreetmultani/Desktop/Engineering SaaS/hour-glass/app/models/teaching_assistant.rb": {
        "lines": [
          null,
          1,
          null,
          1,
          null,
          null,
          1,
          null
        ]
      },
      "/Users/harpreetmultani/Desktop/Engineering SaaS/hour-glass/app/controllers/entitlements_controller.rb": {
        "lines": [
          1,
          null,
          1,
          3,
          3,
          3,
          1,
          null,
          2,
          1,
          null,
          1,
          1,
          null,
          null,
          3,
          null,
          null,
          1,
          1,
          6,
          null,
          null,
          null
        ]
      },
      "/Users/harpreetmultani/Desktop/Engineering SaaS/hour-glass/app/models/schedule.rb": {
        "lines": [
          0,
          0
        ],
        "branches": {
        }
      },
      "/Users/harpreetmultani/Desktop/Engineering SaaS/hour-glass/app/models/calendar.rb": {
        "lines": [
          null,
          0,
          0,
          null,
          0,
          0,
          0,
          0,
          null
        ],
        "branches": {
        }
      },
      "/Users/harpreetmultani/Desktop/Engineering SaaS/hour-glass/app/controllers/teaching_assistants_controller.rb": {
        "lines": [
          0,
          0,
          0,
          null,
          0,
          0,
          0,
          null,
          0,
          0,
          0,
          0,
          0,
          0,
          0,
          null,
          0,
          0,
          0,
          null,
          0,
          0,
          null,
          0,
          0,
          0,
          0,
          0,
          0,
          null,
          0,
          null,
          0,
          null,
          0,
          0,
          0,
          0,
          0,
          0,
          0,
          null,
          0,
          0,
          0,
          0,
          null,
          0,
          0,
          0,
          0,
          0,
          0,
          0,
          0,
          null,
          0,
          0,
          0,
          0,
          0,
          0,
          0,
          0,
          0,
          0,
          0,
          0,
          0,
          0,
          0,
          0,
          0,
          null,
          null,
          0,
          null,
          0,
          0,
          0,
          0,
          0,
          null,
          0,
          0,
          0,
          null,
          0,
          null,
          0,
          0,
          0,
          0,
          null
        ],
        "branches": {
        }
      },
      "/Users/harpreetmultani/Desktop/Engineering SaaS/hour-glass/app/controllers/schedules_controller.rb": {
        "lines": [
          0,
          null,
          0,
          0,
          0,
          null,
          0
        ],
        "branches": {
        }
      }
    },
    "timestamp": 1698773673
  },
  "RSpec": {
    "coverage": {
      "/Users/harpreetmultani/Desktop/Engineering SaaS/hour-glass/app/helpers/application_helper.rb": {
        "lines": [
          1,
          null
        ]
      },
      "/Users/harpreetmultani/Desktop/Engineering SaaS/hour-glass/app/helpers/sessions_helper.rb": {
        "lines": [
          1,
          null
        ]
      },
      "/Users/harpreetmultani/Desktop/Engineering SaaS/hour-glass/app/helpers/users_helper.rb": {
        "lines": [
          1,
          null
        ]
      },
      "/Users/harpreetmultani/Desktop/Engineering SaaS/hour-glass/app/models/entitlement.rb": {
        "lines": [
          1,
          null,
          null,
          null,
          1,
          12,
          4,
          4,
          8,
          4,
          4,
          4,
          null,
          4,
          4,
          null,
          null,
          null
        ]
      },
      "/Users/harpreetmultani/Desktop/Engineering SaaS/hour-glass/app/models/teaching_assistant.rb": {
        "lines": [
          null,
          0,
          null,
          0,
          null,
          null,
          0,
          0
        ],
        "branches": {
        }
      },
      "/Users/harpreetmultani/Desktop/Engineering SaaS/hour-glass/app/models/schedule.rb": {
        "lines": [
          0,
          0
        ],
        "branches": {
        }
      },
      "/Users/harpreetmultani/Desktop/Engineering SaaS/hour-glass/app/models/calendar.rb": {
        "lines": [
          null,
          0,
          0,
          null,
          0,
          0,
          0,
          0,
          null
        ],
        "branches": {
        }
      },
      "/Users/harpreetmultani/Desktop/Engineering SaaS/hour-glass/app/models/course.rb": {
        "lines": [
          0,
          0
        ],
        "branches": {
        }
      },
      "/Users/harpreetmultani/Desktop/Engineering SaaS/hour-glass/app/models/user.rb": {
        "lines": [
          0,
          0,
          0
        ],
        "branches": {
        }
      },
      "/Users/harpreetmultani/Desktop/Engineering SaaS/hour-glass/app/controllers/application_controller.rb": {
        "lines": [
          0,
          null,
          null,
          0,
          0,
          0,
          null,
          0,
          0,
          0,
          null,
          0,
          0,
          0,
          0
        ],
        "branches": {
        }
      },
      "/Users/harpreetmultani/Desktop/Engineering SaaS/hour-glass/app/controllers/teaching_assistants_controller.rb": {
        "lines": [
          0,
          0,
          0,
          null,
          0,
          0,
          0,
          null,
          0,
          0,
          0,
          0,
          0,
          0,
          0,
          null,
          0,
          0,
          0,
          null,
          0,
          0,
          null,
          0,
          0,
          0,
          0,
          0,
          0,
          null,
          0,
          null,
          0,
          null,
          0,
          0,
          0,
          0,
          0,
          0,
          0,
          null,
          0,
          0,
          0,
          0,
          null,
          0,
          0,
          0,
          0,
          0,
          0,
          0,
          0,
          null,
          0,
          0,
          0,
          0,
          0,
          0,
          0,
          0,
          0,
          0,
          0,
          0,
          0,
          0,
          0,
          0,
          0,
          null,
          null,
          0,
          null,
          0,
          0,
          0,
          0,
          0,
          null,
          0,
          0,
          0,
          null,
          0,
          null,
          0,
          0,
          0,
          0,
          null
        ],
        "branches": {
        }
      },
      "/Users/harpreetmultani/Desktop/Engineering SaaS/hour-glass/app/controllers/professors_controller.rb": {
        "lines": [
          0,
          null,
          0,
          0,
          0,
          0,
          0,
          0,
          0,
          0,
          0,
          null,
          0,
          0,
          0,
          0,
          null,
          0,
          0,
          0,
          0,
          0,
          0,
          0,
          0,
          0,
          0,
          0,
          null,
          0,
          0,
          0,
          0,
          null,
          0
        ],
        "branches": {
        }
      },
      "/Users/harpreetmultani/Desktop/Engineering SaaS/hour-glass/app/controllers/users_controller.rb": {
        "lines": [
          0,
          null,
          0,
          null,
          0,
          null,
          0,
          0,
          0,
          0,
          0,
          0,
          0,
          null,
          0,
          0,
          0,
          0,
          0,
          0,
          0,
          0,
          0,
          0,
          0,
          null,
          0,
          0,
          0,
          0,
          0
        ],
        "branches": {
        }
      },
      "/Users/harpreetmultani/Desktop/Engineering SaaS/hour-glass/app/controllers/sessions_controller.rb": {
        "lines": [
          0,
          null,
          0,
          null,
          0,
          0,
          0,
          null,
          0,
          0,
          0,
          0,
          0,
          0,
          0,
          0,
          0,
          0,
          null,
          0,
          0,
          0,
          0,
          null,
          0,
          0,
          0,
          0,
          0
        ],
        "branches": {
        }
      },
      "/Users/harpreetmultani/Desktop/Engineering SaaS/hour-glass/app/controllers/entitlements_controller.rb": {
        "lines": [
          0,
          null,
          0,
          0,
          0,
          0,
          0,
          0,
          0,
          0,
          0,
          0,
          0,
          0,
          0,
          0,
          0,
          null,
          0,
          0,
          0,
          0,
          0,
          null
        ],
        "branches": {
        }
      },
      "/Users/harpreetmultani/Desktop/Engineering SaaS/hour-glass/app/controllers/schedules_controller.rb": {
        "lines": [
          0,
          null,
          0,
          0,
          0,
          null,
          0
        ],
        "branches": {
        }
      }
    },
    "timestamp": 1698773681
  }
}
